

============================== 2022-04-20 16:12:38.873747 | c2181bf7-efe1-4b54-9626-1f3d20477515 ==============================
16:12:38.873747 [info ] [MainThread]: Running with dbt=1.0.4
16:12:38.874508 [debug] [MainThread]: running dbt with arguments Namespace(record_timing_info=None, debug=None, log_format=None, write_json=None, use_colors=None, printer_width=None, warn_error=None, version_check=None, partial_parse=None, single_threaded=False, use_experimental_parser=None, static_parser=None, profiles_dir='/Users/jackcook/Documents', send_anonymous_usage_stats=None, fail_fast=None, event_buffer_size=None, project_dir=None, profile=None, target=None, vars='{}', log_cache_events=False, project_name='look_ecom', skip_profile_setup=False, defer=None, state=None, cls=<class 'dbt.task.init.InitTask'>, which='init', rpc_method=None)
16:12:38.874775 [debug] [MainThread]: Tracking: tracking
16:12:38.926687 [debug] [MainThread]: Sending event: {'category': 'dbt', 'action': 'invocation', 'label': 'start', 'context': [<snowplow_tracker.self_describing_json.SelfDescribingJson object at 0x7fd9f8cba340>, <snowplow_tracker.self_describing_json.SelfDescribingJson object at 0x7fd9f8c75d30>, <snowplow_tracker.self_describing_json.SelfDescribingJson object at 0x7fd9f5c34400>]}
16:12:38.931879 [debug] [MainThread]: Starter project path: /Library/Frameworks/Python.framework/Versions/3.9/lib/python3.9/site-packages/dbt/include/starter_project
16:13:33.168202 [info ] [MainThread]: Profile look_ecom written to /Users/jackcook/Documents/profiles.yml using target's profile_template.yml and your supplied values. Run 'dbt debug' to validate the connection.
16:13:33.169444 [info ] [MainThread]: 
Your new dbt project "look_ecom" was created!

For more information on how to configure the profiles.yml file,
please consult the dbt documentation here:

  https://docs.getdbt.com/docs/configure-your-profile

One more thing:

Need help? Don't hesitate to reach out to us via GitHub issues or on Slack:

  https://community.getdbt.com/

Happy modeling!

16:13:33.170413 [debug] [MainThread]: Sending event: {'category': 'dbt', 'action': 'invocation', 'label': 'end', 'context': [<snowplow_tracker.self_describing_json.SelfDescribingJson object at 0x7fd9f8c75d30>, <snowplow_tracker.self_describing_json.SelfDescribingJson object at 0x7fd9f8c9f430>, <snowplow_tracker.self_describing_json.SelfDescribingJson object at 0x7fd9f8c9f190>]}


============================== 2022-04-21 19:48:50.184928 | b4d0384a-d864-4366-ae71-f63e829efb08 ==============================
19:48:50.184928 [info ] [MainThread]: Running with dbt=1.0.4
19:48:50.186233 [debug] [MainThread]: running dbt with arguments Namespace(record_timing_info=None, debug=None, log_format=None, write_json=None, use_colors=None, printer_width=None, warn_error=None, version_check=None, partial_parse=None, single_threaded=False, use_experimental_parser=None, static_parser=None, profiles_dir='/Users/jackcook/Documents', send_anonymous_usage_stats=None, fail_fast=None, event_buffer_size=None, project_dir=None, profile=None, target=None, vars='{}', log_cache_events=False, project_name='london_bicycles', skip_profile_setup=False, defer=None, state=None, cls=<class 'dbt.task.init.InitTask'>, which='init', rpc_method=None)
19:48:50.186773 [debug] [MainThread]: Tracking: tracking
19:48:50.242732 [debug] [MainThread]: Sending event: {'category': 'dbt', 'action': 'invocation', 'label': 'start', 'context': [<snowplow_tracker.self_describing_json.SelfDescribingJson object at 0x7fec704902b0>, <snowplow_tracker.self_describing_json.SelfDescribingJson object at 0x7fec6dc34fa0>, <snowplow_tracker.self_describing_json.SelfDescribingJson object at 0x7fec70475c10>]}
19:48:50.245404 [debug] [MainThread]: Starter project path: /Library/Frameworks/Python.framework/Versions/3.9/lib/python3.9/site-packages/dbt/include/starter_project
08:51:38.556606 [info ] [MainThread]: Profile london_bicycles written to /Users/jackcook/Documents/profiles.yml using target's profile_template.yml and your supplied values. Run 'dbt debug' to validate the connection.
08:51:38.587143 [info ] [MainThread]: 
Your new dbt project "london_bicycles" was created!

For more information on how to configure the profiles.yml file,
please consult the dbt documentation here:

  https://docs.getdbt.com/docs/configure-your-profile

One more thing:

Need help? Don't hesitate to reach out to us via GitHub issues or on Slack:

  https://community.getdbt.com/

Happy modeling!

08:51:38.599442 [debug] [MainThread]: Sending event: {'category': 'dbt', 'action': 'invocation', 'label': 'end', 'context': [<snowplow_tracker.self_describing_json.SelfDescribingJson object at 0x7fec70475910>, <snowplow_tracker.self_describing_json.SelfDescribingJson object at 0x7fec70475e50>, <snowplow_tracker.self_describing_json.SelfDescribingJson object at 0x7fec70475760>]}
